c:\soft\black\stealer\release\vc141.pdb
c:\soft\black\stealer\release\zip.obj
c:\soft\black\stealer\release\vector.obj
c:\soft\black\stealer\release\telegram.obj
c:\soft\black\stealer\release\source.obj
c:\soft\black\stealer\release\search.obj
c:\soft\black\stealer\release\parse.obj
c:\soft\black\stealer\release\mem.obj
c:\soft\black\stealer\release\ldr.obj
c:\soft\black\stealer\release\fncs.obj
c:\soft\black\stealer\release\export.obj
c:\soft\black\stealer\release\crypt.obj
c:\soft\black\stealer\release\cred.obj
c:\soft\black\stealer\release\cnc.obj
c:\soft\black\stealer\release\sqlite3.obj
c:\soft\black\stealer\release\parson.obj
c:\soft\black\release\stealer.dll
c:\soft\black\release\stealer.lib
c:\soft\black\release\stealer.exp
c:\soft\black\release\stealer.ipdb
c:\soft\black\release\stealer.iobj
c:\soft\black\stealer\release\stealer.tlog\cl.command.1.tlog
c:\soft\black\stealer\release\stealer.tlog\cl.read.1.tlog
c:\soft\black\stealer\release\stealer.tlog\cl.write.1.tlog
c:\soft\black\stealer\release\stealer.tlog\link.command.1.tlog
c:\soft\black\stealer\release\stealer.tlog\link.read.1.tlog
c:\soft\black\stealer\release\stealer.tlog\link.write.1.tlog
c:\soft\black\stealer\release\stealer.tlog\stealer.write.1u.tlog
